Feb 11, 2016 5:09:12 PM com.inin.logger.TLogger writeLog
INFO: asdfsdfs
Feb 11, 2016 6:32:27 PM com.inin.logger.TLogger writeLog
INFO: testing
Feb 12, 2016 5:24:12 PM com.inin.logger.TLogger writeLog
INFO: asdfsdfs
Feb 12, 2016 5:25:27 PM com.inin.logger.TLogger writeLog
INFO: asdfsdfs
Feb 12, 2016 5:25:50 PM com.inin.logger.TLogger writeLog
INFO: asdfsdfs
Feb 12, 2016 5:26:19 PM com.inin.logger.TLogger writeLog
INFO: asdfsdfs
Feb 12, 2016 5:26:51 PM com.inin.logger.TLogger writeLog
INFO: asdfsdfs
Feb 12, 2016 5:29:02 PM com.inin.logger.TLogger writeLog
INFO: asdfsdfs
Feb 12, 2016 5:29:17 PM com.inin.logger.TLogger writeLog
INFO: asdfsdfs
Feb 12, 2016 5:33:15 PM com.inin.logger.TLogger writeLog
INFO: asdfsdfs
Feb 15, 2016 11:23:23 AM com.inin.logger.TLogger writeLog
WARNING: Invalid Agent Name sent.
Feb 15, 2016 11:23:23 AM com.inin.logger.TLogger writeLog
WARNING: No Ticket found with id-1
Feb 15, 2016 11:23:23 AM com.inin.logger.TLogger writeLog
WARNING: Invalid Agent Name/Subject sent.
Feb 15, 2016 11:23:23 AM com.inin.logger.TLogger writeLog
WARNING: Invalid Agent Name/Subject sent.
Feb 15, 2016 11:23:23 AM com.inin.logger.TLogger writeLog
WARNING: Invalid Agent Name/Subject sent.
Feb 15, 2016 11:23:23 AM com.inin.logger.TLogger writeLog
WARNING: Invalid Agent Name/Subject sent.
Feb 15, 2016 11:23:23 AM com.inin.logger.TLogger writeLog
WARNING: Invalid Agent Name/Subject sent.
Feb 15, 2016 11:30:04 AM com.inin.logger.TLogger writeLog
WARNING: Invalid Agent Name sent.
Feb 15, 2016 11:30:04 AM com.inin.logger.TLogger writeLog
WARNING: No Ticket found with id-1
Feb 15, 2016 11:30:04 AM com.inin.logger.TLogger writeLog
WARNING: Invalid Agent Name/Subject sent.
Feb 15, 2016 11:30:04 AM com.inin.logger.TLogger writeLog
WARNING: Invalid Agent Name/Subject sent.
Feb 15, 2016 11:30:04 AM com.inin.logger.TLogger writeLog
WARNING: Invalid Agent Name/Subject sent.
Feb 15, 2016 11:30:04 AM com.inin.logger.TLogger writeLog
WARNING: Invalid Agent Name/Subject sent.
Feb 15, 2016 11:30:04 AM com.inin.logger.TLogger writeLog
WARNING: Invalid Agent Name/Subject sent.
Feb 15, 2016 12:55:23 PM com.inin.logger.TLogger writeLog
WARNING: Invalid Agent Name sent.
Feb 15, 2016 12:55:23 PM com.inin.logger.TLogger writeLog
WARNING: No Ticket found with id-1
Feb 15, 2016 12:55:23 PM com.inin.logger.TLogger writeLog
WARNING: Invalid Agent Name/Subject sent.
Feb 15, 2016 12:55:23 PM com.inin.logger.TLogger writeLog
WARNING: Invalid Agent Name/Subject sent.
Feb 15, 2016 12:55:23 PM com.inin.logger.TLogger writeLog
WARNING: Invalid Agent Name/Subject sent.
Feb 15, 2016 12:55:23 PM com.inin.logger.TLogger writeLog
WARNING: Invalid Agent Name/Subject sent.
Feb 15, 2016 12:55:23 PM com.inin.logger.TLogger writeLog
WARNING: Invalid Agent Name/Subject sent.
Feb 15, 2016 12:55:31 PM com.inin.logger.TLogger writeLog
WARNING: Invalid Agent Name sent.
Feb 15, 2016 12:55:31 PM com.inin.logger.TLogger writeLog
WARNING: No Ticket found with id-1
Feb 15, 2016 12:55:31 PM com.inin.logger.TLogger writeLog
WARNING: Invalid Agent Name/Subject sent.
Feb 15, 2016 12:55:31 PM com.inin.logger.TLogger writeLog
WARNING: Invalid Agent Name/Subject sent.
Feb 15, 2016 12:55:31 PM com.inin.logger.TLogger writeLog
WARNING: Invalid Agent Name/Subject sent.
Feb 15, 2016 12:55:31 PM com.inin.logger.TLogger writeLog
WARNING: Invalid Agent Name/Subject sent.
Feb 15, 2016 12:55:31 PM com.inin.logger.TLogger writeLog
WARNING: Invalid Agent Name/Subject sent.
Feb 15, 2016 12:57:09 PM com.inin.logger.TLogger writeLog
WARNING: Invalid Agent Name sent.
Feb 15, 2016 12:57:09 PM com.inin.logger.TLogger writeLog
WARNING: No Ticket found with id-1
Feb 15, 2016 12:57:09 PM com.inin.logger.TLogger writeLog
WARNING: Invalid Agent Name/Subject sent.
Feb 15, 2016 12:57:09 PM com.inin.logger.TLogger writeLog
WARNING: Invalid Agent Name/Subject sent.
Feb 15, 2016 12:57:09 PM com.inin.logger.TLogger writeLog
WARNING: Invalid Agent Name/Subject sent.
Feb 15, 2016 12:57:09 PM com.inin.logger.TLogger writeLog
WARNING: Invalid Agent Name/Subject sent.
Feb 15, 2016 12:57:09 PM com.inin.logger.TLogger writeLog
WARNING: Invalid Agent Name/Subject sent.
Feb 15, 2016 12:57:41 PM com.inin.logger.TLogger writeLog
WARNING: Invalid Agent Name sent.
Feb 15, 2016 12:57:41 PM com.inin.logger.TLogger writeLog
WARNING: No Ticket found with id-1
Feb 15, 2016 12:57:41 PM com.inin.logger.TLogger writeLog
WARNING: Invalid Agent Name/Subject sent.
Feb 15, 2016 12:57:41 PM com.inin.logger.TLogger writeLog
WARNING: Invalid Agent Name/Subject sent.
Feb 15, 2016 12:57:41 PM com.inin.logger.TLogger writeLog
WARNING: Invalid Agent Name/Subject sent.
Feb 15, 2016 12:57:41 PM com.inin.logger.TLogger writeLog
WARNING: Invalid Agent Name/Subject sent.
Feb 15, 2016 12:57:41 PM com.inin.logger.TLogger writeLog
WARNING: Invalid Agent Name/Subject sent.
Feb 15, 2016 12:57:53 PM com.inin.logger.TLogger writeLog
WARNING: Invalid Agent Name sent.
Feb 15, 2016 12:57:53 PM com.inin.logger.TLogger writeLog
WARNING: No Ticket found with id-1
Feb 15, 2016 12:57:53 PM com.inin.logger.TLogger writeLog
WARNING: Invalid Agent Name/Subject sent.
Feb 15, 2016 12:57:53 PM com.inin.logger.TLogger writeLog
WARNING: Invalid Agent Name/Subject sent.
Feb 15, 2016 12:57:53 PM com.inin.logger.TLogger writeLog
WARNING: Invalid Agent Name/Subject sent.
Feb 15, 2016 12:57:53 PM com.inin.logger.TLogger writeLog
WARNING: Invalid Agent Name/Subject sent.
Feb 15, 2016 12:57:53 PM com.inin.logger.TLogger writeLog
WARNING: Invalid Agent Name/Subject sent.
Feb 15, 2016 12:58:04 PM com.inin.logger.TLogger writeLog
WARNING: Invalid Agent Name sent.
Feb 15, 2016 12:58:04 PM com.inin.logger.TLogger writeLog
WARNING: No Ticket found with id-1
Feb 15, 2016 12:58:04 PM com.inin.logger.TLogger writeLog
WARNING: Invalid Agent Name/Subject sent.
Feb 15, 2016 12:58:04 PM com.inin.logger.TLogger writeLog
WARNING: Invalid Agent Name/Subject sent.
Feb 15, 2016 12:58:04 PM com.inin.logger.TLogger writeLog
WARNING: Invalid Agent Name/Subject sent.
Feb 15, 2016 12:58:04 PM com.inin.logger.TLogger writeLog
WARNING: Invalid Agent Name/Subject sent.
Feb 15, 2016 12:58:04 PM com.inin.logger.TLogger writeLog
WARNING: Invalid Agent Name/Subject sent.
Feb 15, 2016 12:58:18 PM com.inin.logger.TLogger writeLog
WARNING: Invalid Agent Name sent.
Feb 15, 2016 12:58:18 PM com.inin.logger.TLogger writeLog
WARNING: No Ticket found with id-1
Feb 15, 2016 12:58:18 PM com.inin.logger.TLogger writeLog
WARNING: Invalid Agent Name/Subject sent.
Feb 15, 2016 12:58:18 PM com.inin.logger.TLogger writeLog
WARNING: Invalid Agent Name/Subject sent.
Feb 15, 2016 12:58:18 PM com.inin.logger.TLogger writeLog
WARNING: Invalid Agent Name/Subject sent.
Feb 15, 2016 12:58:18 PM com.inin.logger.TLogger writeLog
WARNING: Invalid Agent Name/Subject sent.
Feb 15, 2016 12:58:18 PM com.inin.logger.TLogger writeLog
WARNING: Invalid Agent Name/Subject sent.
Feb 15, 2016 12:58:25 PM com.inin.logger.TLogger writeLog
WARNING: Invalid Agent Name sent.
Feb 15, 2016 12:58:25 PM com.inin.logger.TLogger writeLog
WARNING: No Ticket found with id-1
Feb 15, 2016 12:58:25 PM com.inin.logger.TLogger writeLog
WARNING: Invalid Agent Name/Subject sent.
Feb 15, 2016 12:58:25 PM com.inin.logger.TLogger writeLog
WARNING: Invalid Agent Name/Subject sent.
Feb 15, 2016 12:58:25 PM com.inin.logger.TLogger writeLog
WARNING: Invalid Agent Name/Subject sent.
Feb 15, 2016 12:58:25 PM com.inin.logger.TLogger writeLog
WARNING: Invalid Agent Name/Subject sent.
Feb 15, 2016 12:58:25 PM com.inin.logger.TLogger writeLog
WARNING: Invalid Agent Name/Subject sent.
Feb 15, 2016 12:58:59 PM com.inin.logger.TLogger writeLog
WARNING: Invalid Agent Name sent.
Feb 15, 2016 12:58:59 PM com.inin.logger.TLogger writeLog
WARNING: No Ticket found with id-1
Feb 15, 2016 12:58:59 PM com.inin.logger.TLogger writeLog
WARNING: Invalid Agent Name/Subject sent.
Feb 15, 2016 12:58:59 PM com.inin.logger.TLogger writeLog
WARNING: Invalid Agent Name/Subject sent.
Feb 15, 2016 12:58:59 PM com.inin.logger.TLogger writeLog
WARNING: Invalid Agent Name/Subject sent.
Feb 15, 2016 12:58:59 PM com.inin.logger.TLogger writeLog
WARNING: Invalid Agent Name/Subject sent.
Feb 15, 2016 12:58:59 PM com.inin.logger.TLogger writeLog
WARNING: Invalid Agent Name/Subject sent.
Feb 15, 2016 1:03:22 PM com.inin.logger.TLogger writeLog
WARNING: Invalid Agent Name sent.
Feb 15, 2016 1:03:22 PM com.inin.logger.TLogger writeLog
WARNING: No Ticket found with id-1
Feb 15, 2016 1:03:22 PM com.inin.logger.TLogger writeLog
WARNING: Invalid Agent Name/Subject sent.
Feb 15, 2016 1:03:22 PM com.inin.logger.TLogger writeLog
WARNING: Invalid Agent Name/Subject sent.
Feb 15, 2016 1:03:22 PM com.inin.logger.TLogger writeLog
WARNING: Invalid Agent Name/Subject sent.
Feb 15, 2016 1:03:22 PM com.inin.logger.TLogger writeLog
WARNING: Invalid Agent Name/Subject sent.
Feb 15, 2016 1:03:22 PM com.inin.logger.TLogger writeLog
WARNING: Invalid Agent Name/Subject sent.
Feb 15, 2016 6:11:49 PM com.inin.logger.TLogger writeLog
WARNING: Invalid Agent Name sent.
Feb 15, 2016 6:11:49 PM com.inin.logger.TLogger writeLog
WARNING: No Ticket found with id-1
Feb 15, 2016 6:11:49 PM com.inin.logger.TLogger writeLog
WARNING: Invalid Agent Name/Subject sent.
Feb 15, 2016 6:11:49 PM com.inin.logger.TLogger writeLog
WARNING: Invalid Agent Name/Subject sent.
Feb 15, 2016 6:11:49 PM com.inin.logger.TLogger writeLog
WARNING: Invalid Agent Name/Subject sent.
Feb 15, 2016 6:11:49 PM com.inin.logger.TLogger writeLog
WARNING: Invalid Agent Name/Subject sent.
Feb 15, 2016 6:11:49 PM com.inin.logger.TLogger writeLog
WARNING: Invalid Agent Name/Subject sent.
Feb 15, 2016 6:38:23 PM com.inin.logger.TLogger writeLog
WARNING: Invalid Agent Name sent.
Feb 15, 2016 6:38:23 PM com.inin.logger.TLogger writeLog
WARNING: No Ticket found with id-1
Feb 15, 2016 6:38:23 PM com.inin.logger.TLogger writeLog
WARNING: Invalid Agent Name/Subject sent.
Feb 15, 2016 6:38:23 PM com.inin.logger.TLogger writeLog
WARNING: Invalid Agent Name/Subject sent.
Feb 15, 2016 6:38:23 PM com.inin.logger.TLogger writeLog
WARNING: Invalid Agent Name/Subject sent.
Feb 15, 2016 6:38:23 PM com.inin.logger.TLogger writeLog
WARNING: Invalid Agent Name/Subject sent.
Feb 15, 2016 6:38:23 PM com.inin.logger.TLogger writeLog
WARNING: Invalid Agent Name/Subject sent.
Feb 15, 2016 6:38:53 PM com.inin.logger.TLogger writeLog
WARNING: Invalid Agent Name sent.
Feb 15, 2016 6:38:53 PM com.inin.logger.TLogger writeLog
WARNING: No Ticket found with id-1
Feb 15, 2016 6:38:53 PM com.inin.logger.TLogger writeLog
WARNING: Invalid Agent Name/Subject sent.
Feb 15, 2016 6:38:53 PM com.inin.logger.TLogger writeLog
WARNING: Invalid Agent Name/Subject sent.
Feb 15, 2016 6:38:53 PM com.inin.logger.TLogger writeLog
WARNING: Invalid Agent Name/Subject sent.
Feb 15, 2016 6:38:53 PM com.inin.logger.TLogger writeLog
WARNING: Invalid Agent Name/Subject sent.
Feb 15, 2016 6:38:53 PM com.inin.logger.TLogger writeLog
WARNING: Invalid Agent Name/Subject sent.
Feb 15, 2016 6:43:27 PM com.inin.logger.TLogger writeLog
WARNING: Invalid Agent Name sent.
Feb 15, 2016 6:43:27 PM com.inin.logger.TLogger writeLog
WARNING: No Ticket found with id-1
Feb 15, 2016 6:43:28 PM com.inin.logger.TLogger writeLog
WARNING: Invalid Agent Name/Subject sent.
Feb 15, 2016 6:43:28 PM com.inin.logger.TLogger writeLog
WARNING: Invalid Agent Name/Subject sent.
Feb 15, 2016 6:43:28 PM com.inin.logger.TLogger writeLog
WARNING: Invalid Agent Name/Subject sent.
Feb 15, 2016 6:43:28 PM com.inin.logger.TLogger writeLog
WARNING: Invalid Agent Name/Subject sent.
Feb 15, 2016 6:43:28 PM com.inin.logger.TLogger writeLog
WARNING: Invalid Agent Name/Subject sent.
Feb 15, 2016 6:49:55 PM com.inin.logger.TLogger writeLog
WARNING: Invalid Agent Name sent.
Feb 15, 2016 6:49:55 PM com.inin.logger.TLogger writeLog
WARNING: No Ticket found with id-1
Feb 15, 2016 6:49:55 PM com.inin.logger.TLogger writeLog
WARNING: Invalid Agent Name/Subject sent.
Feb 15, 2016 6:49:55 PM com.inin.logger.TLogger writeLog
WARNING: Invalid Agent Name/Subject sent.
Feb 15, 2016 6:49:55 PM com.inin.logger.TLogger writeLog
WARNING: Invalid Agent Name/Subject sent.
Feb 15, 2016 6:49:55 PM com.inin.logger.TLogger writeLog
WARNING: Invalid Agent Name/Subject sent.
Feb 15, 2016 6:49:55 PM com.inin.logger.TLogger writeLog
WARNING: Invalid Agent Name/Subject sent.
Feb 15, 2016 7:00:20 PM com.inin.logger.TLogger writeLog
WARNING: Invalid Agent Name sent.
Feb 15, 2016 7:00:20 PM com.inin.logger.TLogger writeLog
WARNING: No Ticket found with id-1
Feb 15, 2016 7:00:20 PM com.inin.logger.TLogger writeLog
WARNING: Invalid Agent Name/Subject sent.
Feb 15, 2016 7:00:20 PM com.inin.logger.TLogger writeLog
WARNING: Invalid Agent Name/Subject sent.
Feb 15, 2016 7:00:20 PM com.inin.logger.TLogger writeLog
WARNING: Invalid Agent Name/Subject sent.
Feb 15, 2016 7:00:20 PM com.inin.logger.TLogger writeLog
WARNING: Invalid Agent Name/Subject sent.
Feb 15, 2016 7:00:20 PM com.inin.logger.TLogger writeLog
WARNING: Invalid Agent Name/Subject sent.
Feb 15, 2016 7:08:33 PM com.inin.logger.TLogger writeLog
WARNING: Invalid Agent Name sent.
Feb 15, 2016 7:08:33 PM com.inin.logger.TLogger writeLog
WARNING: No Ticket found with id-1
Feb 15, 2016 7:08:33 PM com.inin.logger.TLogger writeLog
WARNING: Invalid Agent Name/Subject sent.
Feb 15, 2016 7:08:33 PM com.inin.logger.TLogger writeLog
WARNING: Invalid Agent Name/Subject sent.
Feb 15, 2016 7:08:33 PM com.inin.logger.TLogger writeLog
WARNING: Invalid Agent Name/Subject sent.
Feb 15, 2016 7:08:33 PM com.inin.logger.TLogger writeLog
WARNING: Invalid Agent Name/Subject sent.
Feb 15, 2016 7:08:33 PM com.inin.logger.TLogger writeLog
WARNING: Invalid Agent Name/Subject sent.
Feb 15, 2016 7:11:06 PM com.inin.logger.TLogger writeLog
WARNING: Invalid Agent Name sent.
Feb 15, 2016 7:11:06 PM com.inin.logger.TLogger writeLog
WARNING: No Ticket found with id-1
Feb 15, 2016 7:11:06 PM com.inin.logger.TLogger writeLog
WARNING: Invalid Agent Name/Subject sent.
Feb 15, 2016 7:11:06 PM com.inin.logger.TLogger writeLog
WARNING: Invalid Agent Name/Subject sent.
Feb 15, 2016 7:11:06 PM com.inin.logger.TLogger writeLog
WARNING: Invalid Agent Name/Subject sent.
Feb 15, 2016 7:11:06 PM com.inin.logger.TLogger writeLog
WARNING: Invalid Agent Name/Subject sent.
Feb 15, 2016 7:11:06 PM com.inin.logger.TLogger writeLog
WARNING: Invalid Agent Name/Subject sent.
Feb 15, 2016 7:12:14 PM com.inin.logger.TLogger writeLog
WARNING: Invalid Agent Name sent.
Feb 15, 2016 7:12:14 PM com.inin.logger.TLogger writeLog
WARNING: No Ticket found with id-1
Feb 15, 2016 7:12:14 PM com.inin.logger.TLogger writeLog
WARNING: Invalid Agent Name/Subject sent.
Feb 15, 2016 7:12:14 PM com.inin.logger.TLogger writeLog
WARNING: Invalid Agent Name/Subject sent.
Feb 15, 2016 7:12:14 PM com.inin.logger.TLogger writeLog
WARNING: Invalid Agent Name/Subject sent.
Feb 15, 2016 7:12:14 PM com.inin.logger.TLogger writeLog
WARNING: Invalid Agent Name/Subject sent.
Feb 15, 2016 7:12:14 PM com.inin.logger.TLogger writeLog
WARNING: Invalid Agent Name/Subject sent.
Feb 15, 2016 7:13:38 PM com.inin.logger.TLogger writeLog
WARNING: Invalid Agent Name sent.
Feb 15, 2016 7:13:38 PM com.inin.logger.TLogger writeLog
WARNING: No Ticket found with id-1
Feb 15, 2016 7:13:38 PM com.inin.logger.TLogger writeLog
WARNING: Invalid Agent Name/Subject sent.
Feb 15, 2016 7:13:38 PM com.inin.logger.TLogger writeLog
WARNING: Invalid Agent Name/Subject sent.
Feb 15, 2016 7:13:38 PM com.inin.logger.TLogger writeLog
WARNING: Invalid Agent Name/Subject sent.
Feb 15, 2016 7:13:38 PM com.inin.logger.TLogger writeLog
WARNING: Invalid Agent Name/Subject sent.
Feb 15, 2016 7:13:38 PM com.inin.logger.TLogger writeLog
WARNING: Invalid Agent Name/Subject sent.
Feb 15, 2016 7:17:27 PM com.inin.logger.TLogger writeLog
WARNING: Invalid Agent Name sent.
Feb 15, 2016 7:17:27 PM com.inin.logger.TLogger writeLog
WARNING: No Ticket found with id-1
Feb 15, 2016 7:17:27 PM com.inin.logger.TLogger writeLog
WARNING: Invalid Agent Name/Subject sent.
Feb 15, 2016 7:17:27 PM com.inin.logger.TLogger writeLog
WARNING: Invalid Agent Name/Subject sent.
Feb 15, 2016 7:17:27 PM com.inin.logger.TLogger writeLog
WARNING: Invalid Agent Name/Subject sent.
Feb 15, 2016 7:17:27 PM com.inin.logger.TLogger writeLog
WARNING: Invalid Agent Name/Subject sent.
Feb 15, 2016 7:17:27 PM com.inin.logger.TLogger writeLog
WARNING: Invalid Agent Name/Subject sent.
Feb 15, 2016 7:17:33 PM com.inin.logger.TLogger writeLog
WARNING: Invalid Agent Name sent.
Feb 15, 2016 7:17:33 PM com.inin.logger.TLogger writeLog
WARNING: No Ticket found with id-1
Feb 15, 2016 7:17:33 PM com.inin.logger.TLogger writeLog
WARNING: Invalid Agent Name/Subject sent.
Feb 15, 2016 7:17:34 PM com.inin.logger.TLogger writeLog
WARNING: Invalid Agent Name/Subject sent.
Feb 15, 2016 7:17:34 PM com.inin.logger.TLogger writeLog
WARNING: Invalid Agent Name/Subject sent.
Feb 15, 2016 7:17:34 PM com.inin.logger.TLogger writeLog
WARNING: Invalid Agent Name/Subject sent.
Feb 15, 2016 7:17:34 PM com.inin.logger.TLogger writeLog
WARNING: Invalid Agent Name/Subject sent.
Feb 15, 2016 7:20:02 PM com.inin.logger.TLogger writeLog
WARNING: Invalid Agent Name sent.
Feb 15, 2016 7:20:02 PM com.inin.logger.TLogger writeLog
WARNING: No Ticket found with id-1
Feb 15, 2016 7:20:02 PM com.inin.logger.TLogger writeLog
WARNING: Invalid Agent Name/Subject sent.
Feb 15, 2016 7:20:02 PM com.inin.logger.TLogger writeLog
WARNING: Invalid Agent Name/Subject sent.
Feb 15, 2016 7:20:02 PM com.inin.logger.TLogger writeLog
WARNING: Invalid Agent Name/Subject sent.
Feb 15, 2016 7:20:02 PM com.inin.logger.TLogger writeLog
WARNING: Invalid Agent Name/Subject sent.
Feb 15, 2016 7:20:02 PM com.inin.logger.TLogger writeLog
WARNING: Invalid Agent Name/Subject sent.
Feb 15, 2016 7:23:04 PM com.inin.logger.TLogger writeLog
WARNING: Invalid Agent Name sent.
Feb 15, 2016 7:23:04 PM com.inin.logger.TLogger writeLog
WARNING: No Ticket found with id-1
Feb 15, 2016 7:23:04 PM com.inin.logger.TLogger writeLog
WARNING: Invalid Agent Name/Subject sent.
Feb 15, 2016 7:23:04 PM com.inin.logger.TLogger writeLog
WARNING: Invalid Agent Name/Subject sent.
Feb 15, 2016 7:23:04 PM com.inin.logger.TLogger writeLog
WARNING: Invalid Agent Name/Subject sent.
Feb 15, 2016 7:23:04 PM com.inin.logger.TLogger writeLog
WARNING: Invalid Agent Name/Subject sent.
Feb 15, 2016 7:23:04 PM com.inin.logger.TLogger writeLog
WARNING: Invalid Agent Name/Subject sent.
Feb 15, 2016 7:23:27 PM com.inin.logger.TLogger writeLog
WARNING: Invalid Agent Name sent.
Feb 15, 2016 7:23:27 PM com.inin.logger.TLogger writeLog
WARNING: No Ticket found with id-1
Feb 15, 2016 7:23:27 PM com.inin.logger.TLogger writeLog
WARNING: Invalid Agent Name/Subject sent.
Feb 15, 2016 7:23:27 PM com.inin.logger.TLogger writeLog
WARNING: Invalid Agent Name/Subject sent.
Feb 15, 2016 7:23:27 PM com.inin.logger.TLogger writeLog
WARNING: Invalid Agent Name/Subject sent.
Feb 15, 2016 7:23:27 PM com.inin.logger.TLogger writeLog
WARNING: Invalid Agent Name/Subject sent.
Feb 15, 2016 7:23:27 PM com.inin.logger.TLogger writeLog
WARNING: Invalid Agent Name/Subject sent.
Feb 15, 2016 7:26:25 PM com.inin.logger.TLogger writeLog
WARNING: Invalid Agent Name sent.
Feb 15, 2016 7:26:25 PM com.inin.logger.TLogger writeLog
WARNING: No Ticket found with id-1
Feb 15, 2016 7:26:25 PM com.inin.logger.TLogger writeLog
WARNING: Invalid Agent Name/Subject sent.
Feb 15, 2016 7:26:25 PM com.inin.logger.TLogger writeLog
WARNING: Invalid Agent Name/Subject sent.
Feb 15, 2016 7:26:25 PM com.inin.logger.TLogger writeLog
WARNING: Invalid Agent Name/Subject sent.
Feb 15, 2016 7:26:25 PM com.inin.logger.TLogger writeLog
WARNING: Invalid Agent Name/Subject sent.
Feb 15, 2016 7:26:25 PM com.inin.logger.TLogger writeLog
WARNING: Invalid Agent Name/Subject sent.
Feb 15, 2016 7:26:32 PM com.inin.logger.TLogger writeLog
WARNING: Invalid Agent Name sent.
Feb 15, 2016 7:26:32 PM com.inin.logger.TLogger writeLog
WARNING: No Ticket found with id-1
Feb 15, 2016 7:26:32 PM com.inin.logger.TLogger writeLog
WARNING: Invalid Agent Name/Subject sent.
Feb 15, 2016 7:26:32 PM com.inin.logger.TLogger writeLog
WARNING: Invalid Agent Name/Subject sent.
Feb 15, 2016 7:26:32 PM com.inin.logger.TLogger writeLog
WARNING: Invalid Agent Name/Subject sent.
Feb 15, 2016 7:26:32 PM com.inin.logger.TLogger writeLog
WARNING: Invalid Agent Name/Subject sent.
Feb 15, 2016 7:26:32 PM com.inin.logger.TLogger writeLog
WARNING: Invalid Agent Name/Subject sent.
Feb 15, 2016 7:28:27 PM com.inin.logger.TLogger writeLog
WARNING: Invalid Agent Name sent.
Feb 15, 2016 7:28:27 PM com.inin.logger.TLogger writeLog
WARNING: No Ticket found with id-1
Feb 15, 2016 7:28:27 PM com.inin.logger.TLogger writeLog
WARNING: Invalid Agent Name/Subject sent.
Feb 15, 2016 7:28:27 PM com.inin.logger.TLogger writeLog
WARNING: Invalid Agent Name/Subject sent.
Feb 15, 2016 7:28:27 PM com.inin.logger.TLogger writeLog
WARNING: Invalid Agent Name/Subject sent.
Feb 15, 2016 7:28:27 PM com.inin.logger.TLogger writeLog
WARNING: Invalid Agent Name/Subject sent.
Feb 15, 2016 7:28:27 PM com.inin.logger.TLogger writeLog
WARNING: Invalid Agent Name/Subject sent.
Feb 15, 2016 7:30:36 PM com.inin.logger.TLogger writeLog
WARNING: Invalid Agent Name sent.
Feb 15, 2016 7:30:36 PM com.inin.logger.TLogger writeLog
WARNING: No Ticket found with id-1
Feb 15, 2016 7:30:36 PM com.inin.logger.TLogger writeLog
WARNING: Invalid Agent Name/Subject sent.
Feb 15, 2016 7:30:36 PM com.inin.logger.TLogger writeLog
WARNING: Invalid Agent Name/Subject sent.
Feb 15, 2016 7:30:36 PM com.inin.logger.TLogger writeLog
WARNING: Invalid Agent Name/Subject sent.
Feb 15, 2016 7:30:36 PM com.inin.logger.TLogger writeLog
WARNING: Invalid Agent Name/Subject sent.
Feb 15, 2016 7:30:36 PM com.inin.logger.TLogger writeLog
WARNING: Invalid Agent Name/Subject sent.
