09-02-2016 18:56:08 DEBUG App:26 - Hello World
09-02-2016 18:56:08 INFO  App:28 - Hello World
09-02-2016 18:56:08 WARN  App:30 - Hello World
09-02-2016 18:56:08 ERROR App:32 - Hello World
09-02-2016 19:00:46 INFO  App:25 - Hello World
09-02-2016 19:00:46 WARN  App:27 - Hello World
09-02-2016 19:00:46 ERROR App:29 - Hello World
09-02-2016 19:30:21 WARN  applogger:25 - Error
09-02-2016 19:30:21 WARN  App:27 - Hello World
09-02-2016 19:30:21 ERROR App:29 - Hello World

11-02-2016 11:46:18 INFO  App:17 - Hello World
11-02-2016 11:46:18 WARN  App:19 - Hello World
11-02-2016 11:46:18 ERROR App:21 - Hello World
11-02-2016 19:29:43 INFO  App:18 - Hello World
11-02-2016 19:29:43 WARN  App:20 - Hello World
11-02-2016 19:29:43 ERROR App:22 - Hello World
com.helpdesk.exception.TicketNotFoundException: Ticket not Fount
	at com.helpdesk.App.main(App.java:22)
	at sun.reflect.NativeMethodAccessorImpl.invoke0(Native Method)
	at sun.reflect.NativeMethodAccessorImpl.invoke(NativeMethodAccessorImpl.java:62)
	at sun.reflect.DelegatingMethodAccessorImpl.invoke(DelegatingMethodAccessorImpl.java:43)
	at java.lang.reflect.Method.invoke(Method.java:498)
	at com.intellij.rt.execution.application.AppMain.main(AppMain.java:144)
12-02-2016 16:10:59 ERROR TicketService:32 - Duplicate Ticket Id
